<?xml version="1.0" encoding="UTF-8"?>
<testsuite xmlns:xsi="http://www.w3.org/2001/XMLSchema-instance" xsi:noNamespaceSchemaLocation="https://maven.apache.org/surefire/maven-surefire-plugin/xsd/surefire-test-report.xsd" version="3.0.2" name="com.nfeasync.sign_xml_service.SignXmlServiceApplicationTests" time="2.167" tests="1" errors="0" skipped="0" failures="0">
  <properties>
    <property name="java.specification.version" value="17"/>
    <property name="sun.jnu.encoding" value="UTF-8"/>
    <property name="java.class.path" value="/home/davi-canuto/projects/nfe-async/sign-xml-service/target/test-classes:/home/davi-canuto/projects/nfe-async/sign-xml-service/target/classes:/home/davi-canuto/.m2/repository/org/springframework/boot/spring-boot-starter-test/3.4.7/spring-boot-starter-test-3.4.7.jar:/home/davi-canuto/.m2/repository/org/springframework/boot/spring-boot-starter/3.4.7/spring-boot-starter-3.4.7.jar:/home/davi-canuto/.m2/repository/org/springframework/boot/spring-boot/3.4.7/spring-boot-3.4.7.jar:/home/davi-canuto/.m2/repository/org/springframework/boot/spring-boot-autoconfigure/3.4.7/spring-boot-autoconfigure-3.4.7.jar:/home/davi-canuto/.m2/repository/org/springframework/boot/spring-boot-starter-logging/3.4.7/spring-boot-starter-logging-3.4.7.jar:/home/davi-canuto/.m2/repository/ch/qos/logback/logback-classic/1.5.18/logback-classic-1.5.18.jar:/home/davi-canuto/.m2/repository/ch/qos/logback/logback-core/1.5.18/logback-core-1.5.18.jar:/home/davi-canuto/.m2/repository/org/apache/logging/log4j/log4j-to-slf4j/2.24.3/log4j-to-slf4j-2.24.3.jar:/home/davi-canuto/.m2/repository/org/apache/logging/log4j/log4j-api/2.24.3/log4j-api-2.24.3.jar:/home/davi-canuto/.m2/repository/org/slf4j/jul-to-slf4j/2.0.17/jul-to-slf4j-2.0.17.jar:/home/davi-canuto/.m2/repository/jakarta/annotation/jakarta.annotation-api/2.1.1/jakarta.annotation-api-2.1.1.jar:/home/davi-canuto/.m2/repository/org/yaml/snakeyaml/2.3/snakeyaml-2.3.jar:/home/davi-canuto/.m2/repository/org/springframework/boot/spring-boot-test/3.4.7/spring-boot-test-3.4.7.jar:/home/davi-canuto/.m2/repository/org/springframework/boot/spring-boot-test-autoconfigure/3.4.7/spring-boot-test-autoconfigure-3.4.7.jar:/home/davi-canuto/.m2/repository/com/jayway/jsonpath/json-path/2.9.0/json-path-2.9.0.jar:/home/davi-canuto/.m2/repository/jakarta/xml/bind/jakarta.xml.bind-api/4.0.2/jakarta.xml.bind-api-4.0.2.jar:/home/davi-canuto/.m2/repository/jakarta/activation/jakarta.activation-api/2.1.3/jakarta.activation-api-2.1.3.jar:/home/davi-canuto/.m2/repository/net/minidev/json-smart/2.5.2/json-smart-2.5.2.jar:/home/davi-canuto/.m2/repository/net/minidev/accessors-smart/2.5.2/accessors-smart-2.5.2.jar:/home/davi-canuto/.m2/repository/org/ow2/asm/asm/9.7.1/asm-9.7.1.jar:/home/davi-canuto/.m2/repository/org/assertj/assertj-core/3.26.3/assertj-core-3.26.3.jar:/home/davi-canuto/.m2/repository/net/bytebuddy/byte-buddy/1.15.11/byte-buddy-1.15.11.jar:/home/davi-canuto/.m2/repository/org/awaitility/awaitility/4.2.2/awaitility-4.2.2.jar:/home/davi-canuto/.m2/repository/org/hamcrest/hamcrest/2.2/hamcrest-2.2.jar:/home/davi-canuto/.m2/repository/org/junit/jupiter/junit-jupiter/5.11.4/junit-jupiter-5.11.4.jar:/home/davi-canuto/.m2/repository/org/junit/jupiter/junit-jupiter-api/5.11.4/junit-jupiter-api-5.11.4.jar:/home/davi-canuto/.m2/repository/org/opentest4j/opentest4j/1.3.0/opentest4j-1.3.0.jar:/home/davi-canuto/.m2/repository/org/junit/platform/junit-platform-commons/1.11.4/junit-platform-commons-1.11.4.jar:/home/davi-canuto/.m2/repository/org/apiguardian/apiguardian-api/1.1.2/apiguardian-api-1.1.2.jar:/home/davi-canuto/.m2/repository/org/junit/jupiter/junit-jupiter-params/5.11.4/junit-jupiter-params-5.11.4.jar:/home/davi-canuto/.m2/repository/org/junit/jupiter/junit-jupiter-engine/5.11.4/junit-jupiter-engine-5.11.4.jar:/home/davi-canuto/.m2/repository/org/junit/platform/junit-platform-engine/1.11.4/junit-platform-engine-1.11.4.jar:/home/davi-canuto/.m2/repository/org/mockito/mockito-core/5.14.2/mockito-core-5.14.2.jar:/home/davi-canuto/.m2/repository/net/bytebuddy/byte-buddy-agent/1.15.11/byte-buddy-agent-1.15.11.jar:/home/davi-canuto/.m2/repository/org/objenesis/objenesis/3.3/objenesis-3.3.jar:/home/davi-canuto/.m2/repository/org/mockito/mockito-junit-jupiter/5.14.2/mockito-junit-jupiter-5.14.2.jar:/home/davi-canuto/.m2/repository/org/skyscreamer/jsonassert/1.5.3/jsonassert-1.5.3.jar:/home/davi-canuto/.m2/repository/com/vaadin/external/google/android-json/0.0.20131108.vaadin1/android-json-0.0.20131108.vaadin1.jar:/home/davi-canuto/.m2/repository/org/springframework/spring-core/6.2.8/spring-core-6.2.8.jar:/home/davi-canuto/.m2/repository/org/springframework/spring-jcl/6.2.8/spring-jcl-6.2.8.jar:/home/davi-canuto/.m2/repository/org/springframework/spring-test/6.2.8/spring-test-6.2.8.jar:/home/davi-canuto/.m2/repository/org/xmlunit/xmlunit-core/2.10.2/xmlunit-core-2.10.2.jar:/home/davi-canuto/.m2/repository/org/springframework/boot/spring-boot-starter-web/3.4.7/spring-boot-starter-web-3.4.7.jar:/home/davi-canuto/.m2/repository/org/springframework/boot/spring-boot-starter-json/3.4.7/spring-boot-starter-json-3.4.7.jar:/home/davi-canuto/.m2/repository/com/fasterxml/jackson/core/jackson-databind/2.18.4/jackson-databind-2.18.4.jar:/home/davi-canuto/.m2/repository/com/fasterxml/jackson/core/jackson-annotations/2.18.4/jackson-annotations-2.18.4.jar:/home/davi-canuto/.m2/repository/com/fasterxml/jackson/core/jackson-core/2.18.4.1/jackson-core-2.18.4.1.jar:/home/davi-canuto/.m2/repository/com/fasterxml/jackson/datatype/jackson-datatype-jdk8/2.18.4/jackson-datatype-jdk8-2.18.4.jar:/home/davi-canuto/.m2/repository/com/fasterxml/jackson/datatype/jackson-datatype-jsr310/2.18.4/jackson-datatype-jsr310-2.18.4.jar:/home/davi-canuto/.m2/repository/com/fasterxml/jackson/module/jackson-module-parameter-names/2.18.4/jackson-module-parameter-names-2.18.4.jar:/home/davi-canuto/.m2/repository/org/springframework/boot/spring-boot-starter-tomcat/3.4.7/spring-boot-starter-tomcat-3.4.7.jar:/home/davi-canuto/.m2/repository/org/apache/tomcat/embed/tomcat-embed-core/10.1.42/tomcat-embed-core-10.1.42.jar:/home/davi-canuto/.m2/repository/org/apache/tomcat/embed/tomcat-embed-el/10.1.42/tomcat-embed-el-10.1.42.jar:/home/davi-canuto/.m2/repository/org/apache/tomcat/embed/tomcat-embed-websocket/10.1.42/tomcat-embed-websocket-10.1.42.jar:/home/davi-canuto/.m2/repository/org/springframework/spring-web/6.2.8/spring-web-6.2.8.jar:/home/davi-canuto/.m2/repository/org/springframework/spring-beans/6.2.8/spring-beans-6.2.8.jar:/home/davi-canuto/.m2/repository/io/micrometer/micrometer-observation/1.14.8/micrometer-observation-1.14.8.jar:/home/davi-canuto/.m2/repository/io/micrometer/micrometer-commons/1.14.8/micrometer-commons-1.14.8.jar:/home/davi-canuto/.m2/repository/org/springframework/spring-webmvc/6.2.8/spring-webmvc-6.2.8.jar:/home/davi-canuto/.m2/repository/org/springframework/spring-aop/6.2.8/spring-aop-6.2.8.jar:/home/davi-canuto/.m2/repository/org/springframework/spring-context/6.2.8/spring-context-6.2.8.jar:/home/davi-canuto/.m2/repository/org/springframework/spring-expression/6.2.8/spring-expression-6.2.8.jar:/home/davi-canuto/.m2/repository/org/projectlombok/lombok/1.18.38/lombok-1.18.38.jar:/home/davi-canuto/.m2/repository/org/apache/santuario/xmlsec/2.3.0/xmlsec-2.3.0.jar:/home/davi-canuto/.m2/repository/org/slf4j/slf4j-api/2.0.17/slf4j-api-2.0.17.jar:/home/davi-canuto/.m2/repository/commons-codec/commons-codec/1.17.2/commons-codec-1.17.2.jar:/home/davi-canuto/.m2/repository/com/fasterxml/woodstox/woodstox-core/6.2.6/woodstox-core-6.2.6.jar:/home/davi-canuto/.m2/repository/org/codehaus/woodstox/stax2-api/4.2.1/stax2-api-4.2.1.jar:"/>
    <property name="java.vm.vendor" value="Oracle Corporation"/>
    <property name="sun.arch.data.model" value="64"/>
    <property name="java.vendor.url" value="https://java.oracle.com/"/>
    <property name="user.timezone" value="America/Fortaleza"/>
    <property name="os.name" value="Linux"/>
    <property name="java.vm.specification.version" value="17"/>
    <property name="APPLICATION_NAME" value="sign-xml-service"/>
    <property name="sun.java.launcher" value="SUN_STANDARD"/>
    <property name="sun.boot.library.path" value="/home/davi-canuto/.asdf/installs/java/openjdk-17.0.1/lib"/>
    <property name="sun.java.command" value="/home/davi-canuto/projects/nfe-async/sign-xml-service/target/surefire/surefirebooter-20250724142559532_3.jar /home/davi-canuto/projects/nfe-async/sign-xml-service/target/surefire 2025-07-24T14-25-59_451-jvmRun1 surefire-20250724142559532_1tmp surefire_0-20250724142559532_2tmp"/>
    <property name="jdk.debug" value="release"/>
    <property name="surefire.test.class.path" value="/home/davi-canuto/projects/nfe-async/sign-xml-service/target/test-classes:/home/davi-canuto/projects/nfe-async/sign-xml-service/target/classes:/home/davi-canuto/.m2/repository/org/springframework/boot/spring-boot-starter-test/3.4.7/spring-boot-starter-test-3.4.7.jar:/home/davi-canuto/.m2/repository/org/springframework/boot/spring-boot-starter/3.4.7/spring-boot-starter-3.4.7.jar:/home/davi-canuto/.m2/repository/org/springframework/boot/spring-boot/3.4.7/spring-boot-3.4.7.jar:/home/davi-canuto/.m2/repository/org/springframework/boot/spring-boot-autoconfigure/3.4.7/spring-boot-autoconfigure-3.4.7.jar:/home/davi-canuto/.m2/repository/org/springframework/boot/spring-boot-starter-logging/3.4.7/spring-boot-starter-logging-3.4.7.jar:/home/davi-canuto/.m2/repository/ch/qos/logback/logback-classic/1.5.18/logback-classic-1.5.18.jar:/home/davi-canuto/.m2/repository/ch/qos/logback/logback-core/1.5.18/logback-core-1.5.18.jar:/home/davi-canuto/.m2/repository/org/apache/logging/log4j/log4j-to-slf4j/2.24.3/log4j-to-slf4j-2.24.3.jar:/home/davi-canuto/.m2/repository/org/apache/logging/log4j/log4j-api/2.24.3/log4j-api-2.24.3.jar:/home/davi-canuto/.m2/repository/org/slf4j/jul-to-slf4j/2.0.17/jul-to-slf4j-2.0.17.jar:/home/davi-canuto/.m2/repository/jakarta/annotation/jakarta.annotation-api/2.1.1/jakarta.annotation-api-2.1.1.jar:/home/davi-canuto/.m2/repository/org/yaml/snakeyaml/2.3/snakeyaml-2.3.jar:/home/davi-canuto/.m2/repository/org/springframework/boot/spring-boot-test/3.4.7/spring-boot-test-3.4.7.jar:/home/davi-canuto/.m2/repository/org/springframework/boot/spring-boot-test-autoconfigure/3.4.7/spring-boot-test-autoconfigure-3.4.7.jar:/home/davi-canuto/.m2/repository/com/jayway/jsonpath/json-path/2.9.0/json-path-2.9.0.jar:/home/davi-canuto/.m2/repository/jakarta/xml/bind/jakarta.xml.bind-api/4.0.2/jakarta.xml.bind-api-4.0.2.jar:/home/davi-canuto/.m2/repository/jakarta/activation/jakarta.activation-api/2.1.3/jakarta.activation-api-2.1.3.jar:/home/davi-canuto/.m2/repository/net/minidev/json-smart/2.5.2/json-smart-2.5.2.jar:/home/davi-canuto/.m2/repository/net/minidev/accessors-smart/2.5.2/accessors-smart-2.5.2.jar:/home/davi-canuto/.m2/repository/org/ow2/asm/asm/9.7.1/asm-9.7.1.jar:/home/davi-canuto/.m2/repository/org/assertj/assertj-core/3.26.3/assertj-core-3.26.3.jar:/home/davi-canuto/.m2/repository/net/bytebuddy/byte-buddy/1.15.11/byte-buddy-1.15.11.jar:/home/davi-canuto/.m2/repository/org/awaitility/awaitility/4.2.2/awaitility-4.2.2.jar:/home/davi-canuto/.m2/repository/org/hamcrest/hamcrest/2.2/hamcrest-2.2.jar:/home/davi-canuto/.m2/repository/org/junit/jupiter/junit-jupiter/5.11.4/junit-jupiter-5.11.4.jar:/home/davi-canuto/.m2/repository/org/junit/jupiter/junit-jupiter-api/5.11.4/junit-jupiter-api-5.11.4.jar:/home/davi-canuto/.m2/repository/org/opentest4j/opentest4j/1.3.0/opentest4j-1.3.0.jar:/home/davi-canuto/.m2/repository/org/junit/platform/junit-platform-commons/1.11.4/junit-platform-commons-1.11.4.jar:/home/davi-canuto/.m2/repository/org/apiguardian/apiguardian-api/1.1.2/apiguardian-api-1.1.2.jar:/home/davi-canuto/.m2/repository/org/junit/jupiter/junit-jupiter-params/5.11.4/junit-jupiter-params-5.11.4.jar:/home/davi-canuto/.m2/repository/org/junit/jupiter/junit-jupiter-engine/5.11.4/junit-jupiter-engine-5.11.4.jar:/home/davi-canuto/.m2/repository/org/junit/platform/junit-platform-engine/1.11.4/junit-platform-engine-1.11.4.jar:/home/davi-canuto/.m2/repository/org/mockito/mockito-core/5.14.2/mockito-core-5.14.2.jar:/home/davi-canuto/.m2/repository/net/bytebuddy/byte-buddy-agent/1.15.11/byte-buddy-agent-1.15.11.jar:/home/davi-canuto/.m2/repository/org/objenesis/objenesis/3.3/objenesis-3.3.jar:/home/davi-canuto/.m2/repository/org/mockito/mockito-junit-jupiter/5.14.2/mockito-junit-jupiter-5.14.2.jar:/home/davi-canuto/.m2/repository/org/skyscreamer/jsonassert/1.5.3/jsonassert-1.5.3.jar:/home/davi-canuto/.m2/repository/com/vaadin/external/google/android-json/0.0.20131108.vaadin1/android-json-0.0.20131108.vaadin1.jar:/home/davi-canuto/.m2/repository/org/springframework/spring-core/6.2.8/spring-core-6.2.8.jar:/home/davi-canuto/.m2/repository/org/springframework/spring-jcl/6.2.8/spring-jcl-6.2.8.jar:/home/davi-canuto/.m2/repository/org/springframework/spring-test/6.2.8/spring-test-6.2.8.jar:/home/davi-canuto/.m2/repository/org/xmlunit/xmlunit-core/2.10.2/xmlunit-core-2.10.2.jar:/home/davi-canuto/.m2/repository/org/springframework/boot/spring-boot-starter-web/3.4.7/spring-boot-starter-web-3.4.7.jar:/home/davi-canuto/.m2/repository/org/springframework/boot/spring-boot-starter-json/3.4.7/spring-boot-starter-json-3.4.7.jar:/home/davi-canuto/.m2/repository/com/fasterxml/jackson/core/jackson-databind/2.18.4/jackson-databind-2.18.4.jar:/home/davi-canuto/.m2/repository/com/fasterxml/jackson/core/jackson-annotations/2.18.4/jackson-annotations-2.18.4.jar:/home/davi-canuto/.m2/repository/com/fasterxml/jackson/core/jackson-core/2.18.4.1/jackson-core-2.18.4.1.jar:/home/davi-canuto/.m2/repository/com/fasterxml/jackson/datatype/jackson-datatype-jdk8/2.18.4/jackson-datatype-jdk8-2.18.4.jar:/home/davi-canuto/.m2/repository/com/fasterxml/jackson/datatype/jackson-datatype-jsr310/2.18.4/jackson-datatype-jsr310-2.18.4.jar:/home/davi-canuto/.m2/repository/com/fasterxml/jackson/module/jackson-module-parameter-names/2.18.4/jackson-module-parameter-names-2.18.4.jar:/home/davi-canuto/.m2/repository/org/springframework/boot/spring-boot-starter-tomcat/3.4.7/spring-boot-starter-tomcat-3.4.7.jar:/home/davi-canuto/.m2/repository/org/apache/tomcat/embed/tomcat-embed-core/10.1.42/tomcat-embed-core-10.1.42.jar:/home/davi-canuto/.m2/repository/org/apache/tomcat/embed/tomcat-embed-el/10.1.42/tomcat-embed-el-10.1.42.jar:/home/davi-canuto/.m2/repository/org/apache/tomcat/embed/tomcat-embed-websocket/10.1.42/tomcat-embed-websocket-10.1.42.jar:/home/davi-canuto/.m2/repository/org/springframework/spring-web/6.2.8/spring-web-6.2.8.jar:/home/davi-canuto/.m2/repository/org/springframework/spring-beans/6.2.8/spring-beans-6.2.8.jar:/home/davi-canuto/.m2/repository/io/micrometer/micrometer-observation/1.14.8/micrometer-observation-1.14.8.jar:/home/davi-canuto/.m2/repository/io/micrometer/micrometer-commons/1.14.8/micrometer-commons-1.14.8.jar:/home/davi-canuto/.m2/repository/org/springframework/spring-webmvc/6.2.8/spring-webmvc-6.2.8.jar:/home/davi-canuto/.m2/repository/org/springframework/spring-aop/6.2.8/spring-aop-6.2.8.jar:/home/davi-canuto/.m2/repository/org/springframework/spring-context/6.2.8/spring-context-6.2.8.jar:/home/davi-canuto/.m2/repository/org/springframework/spring-expression/6.2.8/spring-expression-6.2.8.jar:/home/davi-canuto/.m2/repository/org/projectlombok/lombok/1.18.38/lombok-1.18.38.jar:/home/davi-canuto/.m2/repository/org/apache/santuario/xmlsec/2.3.0/xmlsec-2.3.0.jar:/home/davi-canuto/.m2/repository/org/slf4j/slf4j-api/2.0.17/slf4j-api-2.0.17.jar:/home/davi-canuto/.m2/repository/commons-codec/commons-codec/1.17.2/commons-codec-1.17.2.jar:/home/davi-canuto/.m2/repository/com/fasterxml/woodstox/woodstox-core/6.2.6/woodstox-core-6.2.6.jar:/home/davi-canuto/.m2/repository/org/codehaus/woodstox/stax2-api/4.2.1/stax2-api-4.2.1.jar:"/>
    <property name="sun.cpu.endian" value="little"/>
    <property name="user.home" value="/home/davi-canuto"/>
    <property name="user.language" value="en"/>
    <property name="java.specification.vendor" value="Oracle Corporation"/>
    <property name="java.version.date" value="2021-10-19"/>
    <property name="java.home" value="/home/davi-canuto/.asdf/installs/java/openjdk-17.0.1"/>
    <property name="file.separator" value="/"/>
    <property name="basedir" value="/home/davi-canuto/projects/nfe-async/sign-xml-service"/>
    <property name="java.vm.compressedOopsMode" value="32-bit"/>
    <property name="line.separator" value="&#10;"/>
    <property name="java.specification.name" value="Java Platform API Specification"/>
    <property name="java.vm.specification.vendor" value="Oracle Corporation"/>
    <property name="FILE_LOG_CHARSET" value="UTF-8"/>
    <property name="java.awt.headless" value="true"/>
    <property name="surefire.real.class.path" value="/home/davi-canuto/projects/nfe-async/sign-xml-service/target/surefire/surefirebooter-20250724142559532_3.jar"/>
    <property name="sun.management.compiler" value="HotSpot 64-Bit Tiered Compilers"/>
    <property name="java.runtime.version" value="17.0.1+12-39"/>
    <property name="user.name" value="davi-canuto"/>
    <property name="path.separator" value=":"/>
    <property name="os.version" value="6.6.87.2-microsoft-standard-WSL2"/>
    <property name="java.runtime.name" value="OpenJDK Runtime Environment"/>
    <property name="file.encoding" value="UTF-8"/>
    <property name="java.vm.name" value="OpenJDK 64-Bit Server VM"/>
    <property name="localRepository" value="/home/davi-canuto/.m2/repository"/>
    <property name="java.vendor.url.bug" value="https://bugreport.java.com/bugreport/"/>
    <property name="java.io.tmpdir" value="/tmp"/>
    <property name="java.version" value="17.0.1"/>
    <property name="user.dir" value="/home/davi-canuto/projects/nfe-async/sign-xml-service"/>
    <property name="os.arch" value="amd64"/>
    <property name="java.vm.specification.name" value="Java Virtual Machine Specification"/>
    <property name="PID" value="63907"/>
    <property name="CONSOLE_LOG_CHARSET" value="UTF-8"/>
    <property name="native.encoding" value="UTF-8"/>
    <property name="java.library.path" value="/usr/java/packages/lib:/usr/lib64:/lib64:/lib:/usr/lib"/>
    <property name="java.vm.info" value="mixed mode, sharing"/>
    <property name="java.vendor" value="Oracle Corporation"/>
    <property name="java.vm.version" value="17.0.1+12-39"/>
    <property name="sun.io.unicode.encoding" value="UnicodeLittle"/>
    <property name="java.class.version" value="61.0"/>
    <property name="LOGGED_APPLICATION_NAME" value="[sign-xml-service] "/>
  </properties>
  <testcase name="contextLoads" classname="com.nfeasync.sign_xml_service.SignXmlServiceApplicationTests" time="0.658">
    <system-out><![CDATA[14:26:00.156 [main] INFO org.springframework.test.context.support.AnnotationConfigContextLoaderUtils -- Could not detect default configuration classes for test class [com.nfeasync.sign_xml_service.SignXmlServiceApplicationTests]: SignXmlServiceApplicationTests does not declare any static, non-private, non-final, nested classes annotated with @Configuration.
14:26:00.241 [main] INFO org.springframework.boot.test.context.SpringBootTestContextBootstrapper -- Found @SpringBootConfiguration com.nfeasync.sign_xml_service.SignXmlServiceApplication for test class com.nfeasync.sign_xml_service.SignXmlServiceApplicationTests

  .   ____          _            __ _ _
 /\\ / ___'_ __ _ _(_)_ __  __ _ \ \ \ \
( ( )\___ | '_ | '_| | '_ \/ _` | \ \ \ \
 \\/  ___)| |_)| | | | | || (_| |  ) ) ) )
  '  |____| .__|_| |_|_| |_\__, | / / / /
 =========|_|==============|___/=/_/_/_/

 :: Spring Boot ::                (v3.4.7)

2025-07-24T14:26:00.585-03:00  INFO 63907 --- [sign-xml-service] [           main] c.n.s.SignXmlServiceApplicationTests     : Starting SignXmlServiceApplicationTests using Java 17.0.1 with PID 63907 (started by davi-canuto in /home/davi-canuto/projects/nfe-async/sign-xml-service)
2025-07-24T14:26:00.586-03:00  INFO 63907 --- [sign-xml-service] [           main] c.n.s.SignXmlServiceApplicationTests     : No active profile set, falling back to 1 default profile: "default"
2025-07-24T14:26:01.534-03:00  INFO 63907 --- [sign-xml-service] [           main] c.n.s.SignXmlServiceApplicationTests     : Started SignXmlServiceApplicationTests in 1.177 seconds (process running for 1.944)
]]></system-out>
  </testcase>
</testsuite>